<?xml version="1.0" encoding="UTF-8"?>
<!-- Generated by org.testng.reporters.JUnitXMLReporter -->
<testsuite ignored="0" hostname="BRILAP2870" failures="0" tests="5" name="Dependent example" time="0.082" errors="0" timestamp="2021-06-28T13:06:58 IST">
  <testcase classname="Examples.GroupTestNGusingxml" name="OpenBrowser" time="0.01"/>
  <testcase classname="Examples.GroupTestNGusingxml" name="viewAccount2" time="0.001"/>
  <testcase classname="Examples.GroupTestNGusingxml" name="login" time="0.001"/>
  <testcase classname="Examples.GroupTestNGusingxml" name="viewAccount" time="0.001"/>
  <testcase classname="Examples.GroupTestNGusingxml" name="logout" time="0.001"/>
</testsuite> <!-- Dependent example -->
