<?xml version="1.0" encoding="UTF-8"?>
<testng-results ignored="0" total="3" passed="3" failed="0" skipped="0">
  <reporter-output>
  </reporter-output>
  <suite started-at="2021-06-27T12:00:26 IST" name="Examples" finished-at="2021-06-27T12:00:26 IST" duration-ms="40">
    <groups>
    </groups>
    <test started-at="2021-06-27T12:00:26 IST" name="Test" finished-at="2021-06-27T12:00:26 IST" duration-ms="40">
      <class name="Examples.AnnotationMavenDemo">
        <test-method is-config="true" signature="open()[pri:0, instance:Examples.AnnotationMavenDemo@13c10b87]" started-at="2021-06-27T12:00:26 IST" name="open" finished-at="2021-06-27T12:00:26 IST" duration-ms="9" status="PASS">
          <reporter-output>
          </reporter-output>
        </test-method> <!-- open -->
        <test-method is-config="true" signature="openBrowser()[pri:0, instance:Examples.AnnotationMavenDemo@13c10b87]" started-at="2021-06-27T12:00:26 IST" name="openBrowser" finished-at="2021-06-27T12:00:26 IST" duration-ms="1" status="PASS">
          <reporter-output>
          </reporter-output>
        </test-method> <!-- openBrowser -->
        <test-method signature="tc1()[pri:0, instance:Examples.AnnotationMavenDemo@13c10b87]" started-at="2021-06-27T12:00:26 IST" name="tc1" finished-at="2021-06-27T12:00:26 IST" duration-ms="1" status="PASS">
          <reporter-output>
          </reporter-output>
        </test-method> <!-- tc1 -->
        <test-method is-config="true" signature="closeBrowser()[pri:0, instance:Examples.AnnotationMavenDemo@13c10b87]" started-at="2021-06-27T12:00:26 IST" name="closeBrowser" finished-at="2021-06-27T12:00:26 IST" duration-ms="1" status="PASS">
          <reporter-output>
          </reporter-output>
        </test-method> <!-- closeBrowser -->
        <test-method is-config="true" signature="openBrowser()[pri:0, instance:Examples.AnnotationMavenDemo@13c10b87]" started-at="2021-06-27T12:00:26 IST" name="openBrowser" finished-at="2021-06-27T12:00:26 IST" duration-ms="0" status="PASS">
          <reporter-output>
          </reporter-output>
        </test-method> <!-- openBrowser -->
        <test-method signature="tc3()[pri:0, instance:Examples.AnnotationMavenDemo@13c10b87]" started-at="2021-06-27T12:00:26 IST" name="tc3" finished-at="2021-06-27T12:00:26 IST" duration-ms="0" status="PASS">
          <reporter-output>
          </reporter-output>
        </test-method> <!-- tc3 -->
        <test-method is-config="true" signature="closeBrowser()[pri:0, instance:Examples.AnnotationMavenDemo@13c10b87]" started-at="2021-06-27T12:00:26 IST" name="closeBrowser" finished-at="2021-06-27T12:00:26 IST" duration-ms="0" status="PASS">
          <reporter-output>
          </reporter-output>
        </test-method> <!-- closeBrowser -->
        <test-method is-config="true" signature="openBrowser()[pri:0, instance:Examples.AnnotationMavenDemo@13c10b87]" started-at="2021-06-27T12:00:26 IST" name="openBrowser" finished-at="2021-06-27T12:00:26 IST" duration-ms="0" status="PASS">
          <reporter-output>
          </reporter-output>
        </test-method> <!-- openBrowser -->
        <test-method signature="tc2()[pri:1, instance:Examples.AnnotationMavenDemo@13c10b87]" started-at="2021-06-27T12:00:26 IST" name="tc2" finished-at="2021-06-27T12:00:26 IST" duration-ms="0" status="PASS">
          <reporter-output>
          </reporter-output>
        </test-method> <!-- tc2 -->
        <test-method is-config="true" signature="closeBrowser()[pri:0, instance:Examples.AnnotationMavenDemo@13c10b87]" started-at="2021-06-27T12:00:26 IST" name="closeBrowser" finished-at="2021-06-27T12:00:26 IST" duration-ms="0" status="PASS">
          <reporter-output>
          </reporter-output>
        </test-method> <!-- closeBrowser -->
        <test-method is-config="true" signature="close()[pri:0, instance:Examples.AnnotationMavenDemo@13c10b87]" started-at="2021-06-27T12:00:26 IST" name="close" finished-at="2021-06-27T12:00:26 IST" duration-ms="0" status="PASS">
          <reporter-output>
          </reporter-output>
        </test-method> <!-- close -->
      </class> <!-- Examples.AnnotationMavenDemo -->
    </test> <!-- Test -->
  </suite> <!-- Examples -->
</testng-results>
