<?xml version="1.0" encoding="UTF-8"?>
<!-- Generated by org.testng.reporters.JUnitXMLReporter -->
<testsuite ignored="0" hostname="BRILAP2870" failures="0" tests="3" name="Test" time="0.045" errors="0" timestamp="2021-06-27T11:56:59 IST">
  <testcase classname="Examples.AnnotationMavenDemo" name="tc1" time="0.004"/>
  <testcase classname="Examples.AnnotationMavenDemo" name="tc3" time="0.002"/>
  <testcase classname="Examples.AnnotationMavenDemo" name="tc2" time="0.001"/>
</testsuite> <!-- Test -->
